Start testing: Nov 16 16:59 PST
----------------------------------------------------------
1/5 Testing: KDTree.Construct
1/5 Test: KDTree.Construct
Command: "/Users/trustinnguyen/Downloads/Programming/CPP/KDTree/build/tests/kd_construct" "--gtest_filter=KDTree.Construct" "--gtest_also_run_disabled_tests"
Directory: /Users/trustinnguyen/Downloads/Programming/CPP/KDTree/build/tests
"KDTree.Construct" start time: Nov 16 16:59 PST
Output:
----------------------------------------------------------
Running main() from /Users/trustinnguyen/Downloads/Programming/CPP/KDTree/build/_deps/googletest-src/googletest/src/gtest_main.cc
Note: Google Test filter = KDTree.Construct
[==========] Running 1 test from 1 test suite.
[----------] Global test environment set-up.
[----------] 1 test from KDTree
[ RUN      ] KDTree.Construct
[       OK ] KDTree.Construct (0 ms)
[----------] 1 test from KDTree (0 ms total)

[----------] Global test environment tear-down
[==========] 1 test from 1 test suite ran. (0 ms total)
[  PASSED  ] 1 test.
<end of output>
Test time =   0.00 sec
----------------------------------------------------------
Test Passed.
"KDTree.Construct" end time: Nov 16 16:59 PST
"KDTree.Construct" time elapsed: 00:00:00
----------------------------------------------------------

2/5 Testing: KDTree.kNNBoundary
2/5 Test: KDTree.kNNBoundary
Command: "/Users/trustinnguyen/Downloads/Programming/CPP/KDTree/build/tests/kd_construct" "--gtest_filter=KDTree.kNNBoundary" "--gtest_also_run_disabled_tests"
Directory: /Users/trustinnguyen/Downloads/Programming/CPP/KDTree/build/tests
"KDTree.kNNBoundary" start time: Nov 16 16:59 PST
Output:
----------------------------------------------------------
Running main() from /Users/trustinnguyen/Downloads/Programming/CPP/KDTree/build/_deps/googletest-src/googletest/src/gtest_main.cc
Note: Google Test filter = KDTree.kNNBoundary
[==========] Running 1 test from 1 test suite.
[----------] Global test environment set-up.
[----------] 1 test from KDTree
[ RUN      ] KDTree.kNNBoundary
[       OK ] KDTree.kNNBoundary (0 ms)
[----------] 1 test from KDTree (0 ms total)

[----------] Global test environment tear-down
[==========] 1 test from 1 test suite ran. (0 ms total)
[  PASSED  ] 1 test.
<end of output>
Test time =   0.00 sec
----------------------------------------------------------
Test Passed.
"KDTree.kNNBoundary" end time: Nov 16 16:59 PST
"KDTree.kNNBoundary" time elapsed: 00:00:00
----------------------------------------------------------

3/5 Testing: KDTree.kNNBoundaryDense
3/5 Test: KDTree.kNNBoundaryDense
Command: "/Users/trustinnguyen/Downloads/Programming/CPP/KDTree/build/tests/kd_construct" "--gtest_filter=KDTree.kNNBoundaryDense" "--gtest_also_run_disabled_tests"
Directory: /Users/trustinnguyen/Downloads/Programming/CPP/KDTree/build/tests
"KDTree.kNNBoundaryDense" start time: Nov 16 16:59 PST
Output:
----------------------------------------------------------
Running main() from /Users/trustinnguyen/Downloads/Programming/CPP/KDTree/build/_deps/googletest-src/googletest/src/gtest_main.cc
Note: Google Test filter = KDTree.kNNBoundaryDense
[==========] Running 1 test from 1 test suite.
[----------] Global test environment set-up.
[----------] 1 test from KDTree
[ RUN      ] KDTree.kNNBoundaryDense
[       OK ] KDTree.kNNBoundaryDense (0 ms)
[----------] 1 test from KDTree (0 ms total)

[----------] Global test environment tear-down
[==========] 1 test from 1 test suite ran. (0 ms total)
[  PASSED  ] 1 test.
<end of output>
Test time =   0.00 sec
----------------------------------------------------------
Test Passed.
"KDTree.kNNBoundaryDense" end time: Nov 16 16:59 PST
"KDTree.kNNBoundaryDense" time elapsed: 00:00:00
----------------------------------------------------------

4/5 Testing: KDTree.kNNRandomDIM2
4/5 Test: KDTree.kNNRandomDIM2
Command: "/Users/trustinnguyen/Downloads/Programming/CPP/KDTree/build/tests/kd_construct" "--gtest_filter=KDTree.kNNRandomDIM2" "--gtest_also_run_disabled_tests"
Directory: /Users/trustinnguyen/Downloads/Programming/CPP/KDTree/build/tests
"KDTree.kNNRandomDIM2" start time: Nov 16 16:59 PST
Output:
----------------------------------------------------------
Running main() from /Users/trustinnguyen/Downloads/Programming/CPP/KDTree/build/_deps/googletest-src/googletest/src/gtest_main.cc
Note: Google Test filter = KDTree.kNNRandomDIM2
[==========] Running 1 test from 1 test suite.
[----------] Global test environment set-up.
[----------] 1 test from KDTree
[ RUN      ] KDTree.kNNRandomDIM2
[       OK ] KDTree.kNNRandomDIM2 (0 ms)
[----------] 1 test from KDTree (0 ms total)

[----------] Global test environment tear-down
[==========] 1 test from 1 test suite ran. (0 ms total)
[  PASSED  ] 1 test.
<end of output>
Test time =   0.00 sec
----------------------------------------------------------
Test Passed.
"KDTree.kNNRandomDIM2" end time: Nov 16 16:59 PST
"KDTree.kNNRandomDIM2" time elapsed: 00:00:00
----------------------------------------------------------

5/5 Testing: KDTree.kNNRandomDIM3
5/5 Test: KDTree.kNNRandomDIM3
Command: "/Users/trustinnguyen/Downloads/Programming/CPP/KDTree/build/tests/kd_construct" "--gtest_filter=KDTree.kNNRandomDIM3" "--gtest_also_run_disabled_tests"
Directory: /Users/trustinnguyen/Downloads/Programming/CPP/KDTree/build/tests
"KDTree.kNNRandomDIM3" start time: Nov 16 16:59 PST
Output:
----------------------------------------------------------
Running main() from /Users/trustinnguyen/Downloads/Programming/CPP/KDTree/build/_deps/googletest-src/googletest/src/gtest_main.cc
Note: Google Test filter = KDTree.kNNRandomDIM3
[==========] Running 1 test from 1 test suite.
[----------] Global test environment set-up.
[----------] 1 test from KDTree
[ RUN      ] KDTree.kNNRandomDIM3
[       OK ] KDTree.kNNRandomDIM3 (44 ms)
[----------] 1 test from KDTree (44 ms total)

[----------] Global test environment tear-down
[==========] 1 test from 1 test suite ran. (44 ms total)
[  PASSED  ] 1 test.
<end of output>
Test time =   0.05 sec
----------------------------------------------------------
Test Passed.
"KDTree.kNNRandomDIM3" end time: Nov 16 16:59 PST
"KDTree.kNNRandomDIM3" time elapsed: 00:00:00
----------------------------------------------------------

End testing: Nov 16 16:59 PST
